GL_LOG_FILE log. Local time Thu Jan 21 08:50:23 2016

starting GLFW 3.2.0 X11 GLX clock_gettime /dev/js XI Xf86vmcreating shader from ./skybox/skybox.vert...
shader compiled. index 1
creating shader from ./skybox/skybox.frag...
shader compiled. index 2
created programme 3. attaching shaders 1 and 2...
program 3 GL_VALIDATE_STATUS = GL_TRUE
creating shader from ./mesh/mesh.vert...
shader compiled. index 4
creating shader from ./mesh/mesh.frag...
shader compiled. index 5
created programme 6. attaching shaders 4 and 5...
program 6 GL_VALIDATE_STATUS = GL_TRUE
creating shader from ./water/water.vert...
shader compiled. index 7
creating shader from ./water/water.frag...
shader compiled. index 8
created programme 9. attaching shaders 7 and 8...
program 9 GL_VALIDATE_STATUS = GL_TRUE
creating shader from ./glass/debug.vert...
shader compiled. index 10
creating shader from ./glass/debug.frag...
shader compiled. index 11
creating shader from ./glass/triangle.geom...
shader compiled. index 12
created programme 13. attaching shaders 10 and 11...
program 13 GL_VALIDATE_STATUS = GL_TRUE
creating shader from ./glass/screen.vert...
shader compiled. index 14
creating shader from ./glass/screen.frag...
shader compiled. index 15
created programme 16. attaching shaders 14 and 15...
program 16 GL_VALIDATE_STATUS = GL_TRUE
creating shader from ./glass/glass.vert...
shader compiled. index 17
creating shader from ./glass/glass.frag...
shader compiled. index 18
creating shader from ./glass/glass.geom...
shader compiled. index 19
created programme 20. attaching shaders 17 and 18...
program 20 GL_VALIDATE_STATUS = GL_TRUE
